# JRE version: Java(TM) SE Runtime Environment (17.0.6+9) (build 17.0.6+9-LTS-190)
# Java VM: Java HotSpot(TM) 64-Bit Server VM (17.0.6+9-LTS-190, mixed mode, sharing, tiered, compressed oops, compressed class ptrs, g1 gc, windows-amd64)
GC Precious Log:
 CPUs: 6 total, 6 available
 Memory: 16290M
 Large Page Support: Disabled
 NUMA Support: Disabled
 Compressed Oops: Enabled (Zero based)
 Heap Region Size: 2M
 Heap Min Capacity: 8M
 Heap Initial Capacity: 256M
 Heap Max Capacity: 4074M
 Pre-touch: Disabled
 Parallel Workers: 6
 Concurrent Workers: 2
 Concurrent Refinement Workers: 6
 Periodic GC: Disabled
Heap:
 garbage-first heap   total 262144K, used 230700K [0x0000000701600000, 0x0000000800000000)
  region size 2048K, 65 young (133120K), 2 survivors (4096K)
 Metaspace       used 9056K, committed 9216K, reserved 1056768K
  class space    used 946K, committed 1024K, reserved 1048576K
GC Heap History (19 events):
Event: 0.462 GC heap before
{Heap before GC invocations=0 (full 0):
 garbage-first heap   total 262144K, used 32768K [0x0000000701600000, 0x0000000800000000)
  region size 2048K, 10 young (20480K), 0 survivors (0K)
 Metaspace       used 8167K, committed 8384K, reserved 1056768K
  class space    used 915K, committed 1024K, reserved 1048576K
}
Event: 0.464 GC heap after
{Heap after GC invocations=1 (full 0):
 garbage-first heap   total 262144K, used 14916K [0x0000000701600000, 0x0000000800000000)
  region size 2048K, 2 young (4096K), 2 survivors (4096K)
 Metaspace       used 8167K, committed 8384K, reserved 1056768K
  class space    used 915K, committed 1024K, reserved 1048576K
}
Event: 0.584 GC heap before
{Heap before GC invocations=1 (full 0):
 garbage-first heap   total 262144K, used 86596K [0x0000000701600000, 0x0000000800000000)
  region size 2048K, 17 young (34816K), 2 survivors (4096K)
 Metaspace       used 8191K, committed 8448K, reserved 1056768K
  class space    used 915K, committed 1024K, reserved 1048576K
}
Event: 0.586 GC heap after
{Heap after GC invocations=2 (full 0):
 garbage-first heap   total 262144K, used 56135K [0x0000000701600000, 0x0000000800000000)
  region size 2048K, 2 young (4096K), 2 survivors (4096K)
 Metaspace       used 8191K, committed 8448K, reserved 1056768K
  class space    used 915K, committed 1024K, reserved 1048576K
}
Event: 1.167 GC heap before
{Heap before GC invocations=2 (full 0):
 garbage-first heap   total 262144K, used 250695K [0x0000000701600000, 0x0000000800000000)
  region size 2048K, 72 young (147456K), 2 survivors (4096K)
 Metaspace       used 8779K, committed 8960K, reserved 1056768K
  class space    used 930K, committed 1024K, reserved 1048576K
}
Event: 1.169 GC heap after
{Heap after GC invocations=3 (full 0):
 garbage-first heap   total 262144K, used 109301K [0x0000000701600000, 0x0000000800000000)
  region size 2048K, 2 young (4096K), 2 survivors (4096K)
 Metaspace       used 8779K, committed 8960K, reserved 1056768K
  class space    used 930K, committed 1024K, reserved 1048576K
}
Event: 1.497 GC heap before
{Heap before GC invocations=3 (full 0):
 garbage-first heap   total 262144K, used 228085K [0x0000000701600000, 0x0000000800000000)
  region size 2048K, 60 young (122880K), 2 survivors (4096K)
 Metaspace       used 9054K, committed 9216K, reserved 1056768K
  class space    used 946K, committed 1024K, reserved 1048576K
}
Event: 1.499 GC heap after
{Heap after GC invocations=4 (full 0):
 garbage-first heap   total 262144K, used 101546K [0x0000000701600000, 0x0000000800000000)
  region size 2048K, 2 young (4096K), 2 survivors (4096K)
 Metaspace       used 9054K, committed 9216K, reserved 1056768K
  class space    used 946K, committed 1024K, reserved 1048576K
}
Event: 1.837 GC heap before
{Heap before GC invocations=4 (full 0):
 garbage-first heap   total 262144K, used 228522K [0x0000000701600000, 0x0000000800000000)
  region size 2048K, 64 young (131072K), 2 survivors (4096K)
 Metaspace       used 9055K, committed 9216K, reserved 1056768K
  class space    used 946K, committed 1024K, reserved 1048576K
}
Event: 1.839 GC heap after
{Heap after GC invocations=5 (full 0):
 garbage-first heap   total 262144K, used 101719K [0x0000000701600000, 0x0000000800000000)
  region size 2048K, 2 young (4096K), 2 survivors (4096K)
 Metaspace       used 9055K, committed 9216K, reserved 1056768K
  class space    used 946K, committed 1024K, reserved 1048576K
}
Event: 2.146 GC heap before
{Heap before GC invocations=5 (full 0):
 garbage-first heap   total 262144K, used 230743K [0x0000000701600000, 0x0000000800000000)
  region size 2048K, 65 young (133120K), 2 survivors (4096K)
 Metaspace       used 9055K, committed 9216K, reserved 1056768K
  class space    used 946K, committed 1024K, reserved 1048576K
}
Event: 2.148 GC heap after
{Heap after GC invocations=6 (full 0):
 garbage-first heap   total 262144K, used 101763K [0x0000000701600000, 0x0000000800000000)
  region size 2048K, 2 young (4096K), 2 survivors (4096K)
 Metaspace       used 9055K, committed 9216K, reserved 1056768K
  class space    used 946K, committed 1024K, reserved 1048576K
}
Event: 2.491 GC heap before
{Heap before GC invocations=6 (full 0):
 garbage-first heap   total 262144K, used 230787K [0x0000000701600000, 0x0000000800000000)
  region size 2048K, 65 young (133120K), 2 survivors (4096K)
 Metaspace       used 9055K, committed 9216K, reserved 1056768K
  class space    used 946K, committed 1024K, reserved 1048576K
}
Event: 2.493 GC heap after
{Heap after GC invocations=7 (full 0):
 garbage-first heap   total 262144K, used 101570K [0x0000000701600000, 0x0000000800000000)
  region size 2048K, 2 young (4096K), 2 survivors (4096K)
 Metaspace       used 9055K, committed 9216K, reserved 1056768K
  class space    used 946K, committed 1024K, reserved 1048576K
}
Event: 2.862 GC heap before
{Heap before GC invocations=7 (full 0):
 garbage-first heap   total 262144K, used 230594K [0x0000000701600000, 0x0000000800000000)
  region size 2048K, 65 young (133120K), 2 survivors (4096K)
 Metaspace       used 9055K, committed 9216K, reserved 1056768K
  class space    used 946K, committed 1024K, reserved 1048576K
}
Event: 2.864 GC heap after
{Heap after GC invocations=8 (full 0):
 garbage-first heap   total 262144K, used 101573K [0x0000000701600000, 0x0000000800000000)
  region size 2048K, 2 young (4096K), 2 survivors (4096K)
 Metaspace       used 9055K, committed 9216K, reserved 1056768K
  class space    used 946K, committed 1024K, reserved 1048576K
}
Event: 3.181 GC heap before
{Heap before GC invocations=8 (full 0):
 garbage-first heap   total 262144K, used 230597K [0x0000000701600000, 0x0000000800000000)
  region size 2048K, 65 young (133120K), 2 survivors (4096K)
 Metaspace       used 9055K, committed 9216K, reserved 1056768K
  class space    used 946K, committed 1024K, reserved 1048576K
}
Event: 3.183 GC heap after
{Heap after GC invocations=9 (full 0):
 garbage-first heap   total 262144K, used 101676K [0x0000000701600000, 0x0000000800000000)
  region size 2048K, 2 young (4096K), 2 survivors (4096K)
 Metaspace       used 9055K, committed 9216K, reserved 1056768K
  class space    used 946K, committed 1024K, reserved 1048576K
}
Event: 3.489 GC heap before
{Heap before GC invocations=9 (full 0):
 garbage-first heap   total 262144K, used 230700K [0x0000000701600000, 0x0000000800000000)
  region size 2048K, 65 young (133120K), 2 survivors (4096K)
 Metaspace       used 9056K, committed 9216K, reserved 1056768K
  class space    used 946K, committed 1024K, reserved 1048576K
}

